<?xml version="1.0" encoding="UTF-8"?>
<testsuite xmlns:xsi="http://www.w3.org/2001/XMLSchema-instance" xsi:noNamespaceSchemaLocation="https://maven.apache.org/surefire/maven-surefire-plugin/xsd/surefire-test-report.xsd" name="com.moviebookingapp.ServiceTests" time="34.696" tests="5" errors="0" skipped="0" failures="0">
  <properties>
    <property name="java.specification.version" value="17"/>
    <property name="sun.cpu.isalist" value="amd64"/>
    <property name="sun.jnu.encoding" value="Cp1252"/>
    <property name="java.class.path" value="e:\Spring Boot Projects\MovieBookingApp\Backend\target\test-classes;e:\Spring Boot Projects\MovieBookingApp\Backend\target\classes;C:\Users\Its Me\.m2\repository\org\springframework\boot\spring-boot-devtools\3.0.1\spring-boot-devtools-3.0.1.jar;C:\Users\Its Me\.m2\repository\org\springframework\boot\spring-boot\3.0.1\spring-boot-3.0.1.jar;C:\Users\Its Me\.m2\repository\org\springframework\spring-context\6.0.3\spring-context-6.0.3.jar;C:\Users\Its Me\.m2\repository\org\springframework\boot\spring-boot-autoconfigure\3.0.1\spring-boot-autoconfigure-3.0.1.jar;C:\Users\Its Me\.m2\repository\org\hibernate\validator\hibernate-validator\8.0.0.Final\hibernate-validator-8.0.0.Final.jar;C:\Users\Its Me\.m2\repository\jakarta\validation\jakarta.validation-api\3.0.2\jakarta.validation-api-3.0.2.jar;C:\Users\Its Me\.m2\repository\org\jboss\logging\jboss-logging\3.5.0.Final\jboss-logging-3.5.0.Final.jar;C:\Users\Its Me\.m2\repository\com\fasterxml\classmate\1.5.1\classmate-1.5.1.jar;C:\Users\Its Me\.m2\repository\org\springframework\boot\spring-boot-starter-validation\3.0.1\spring-boot-starter-validation-3.0.1.jar;C:\Users\Its Me\.m2\repository\org\springframework\boot\spring-boot-starter\3.0.1\spring-boot-starter-3.0.1.jar;C:\Users\Its Me\.m2\repository\org\springframework\boot\spring-boot-starter-logging\3.0.1\spring-boot-starter-logging-3.0.1.jar;C:\Users\Its Me\.m2\repository\ch\qos\logback\logback-classic\1.4.5\logback-classic-1.4.5.jar;C:\Users\Its Me\.m2\repository\ch\qos\logback\logback-core\1.4.5\logback-core-1.4.5.jar;C:\Users\Its Me\.m2\repository\org\apache\logging\log4j\log4j-to-slf4j\2.19.0\log4j-to-slf4j-2.19.0.jar;C:\Users\Its Me\.m2\repository\org\apache\logging\log4j\log4j-api\2.19.0\log4j-api-2.19.0.jar;C:\Users\Its Me\.m2\repository\org\slf4j\jul-to-slf4j\2.0.6\jul-to-slf4j-2.0.6.jar;C:\Users\Its Me\.m2\repository\jakarta\annotation\jakarta.annotation-api\2.1.1\jakarta.annotation-api-2.1.1.jar;C:\Users\Its Me\.m2\repository\org\yaml\snakeyaml\1.33\snakeyaml-1.33.jar;C:\Users\Its Me\.m2\repository\org\apache\tomcat\embed\tomcat-embed-el\10.1.4\tomcat-embed-el-10.1.4.jar;C:\Users\Its Me\.m2\repository\org\springframework\boot\spring-boot-starter-data-mongodb\3.0.1\spring-boot-starter-data-mongodb-3.0.1.jar;C:\Users\Its Me\.m2\repository\org\mongodb\mongodb-driver-sync\4.8.1\mongodb-driver-sync-4.8.1.jar;C:\Users\Its Me\.m2\repository\org\mongodb\bson\4.8.1\bson-4.8.1.jar;C:\Users\Its Me\.m2\repository\org\mongodb\mongodb-driver-core\4.8.1\mongodb-driver-core-4.8.1.jar;C:\Users\Its Me\.m2\repository\org\mongodb\bson-record-codec\4.8.1\bson-record-codec-4.8.1.jar;C:\Users\Its Me\.m2\repository\org\springframework\data\spring-data-mongodb\4.0.0\spring-data-mongodb-4.0.0.jar;C:\Users\Its Me\.m2\repository\org\springframework\spring-tx\6.0.3\spring-tx-6.0.3.jar;C:\Users\Its Me\.m2\repository\org\springframework\spring-beans\6.0.3\spring-beans-6.0.3.jar;C:\Users\Its Me\.m2\repository\org\springframework\spring-expression\6.0.3\spring-expression-6.0.3.jar;C:\Users\Its Me\.m2\repository\org\springframework\data\spring-data-commons\3.0.0\spring-data-commons-3.0.0.jar;C:\Users\Its Me\.m2\repository\org\slf4j\slf4j-api\2.0.6\slf4j-api-2.0.6.jar;C:\Users\Its Me\.m2\repository\org\springframework\boot\spring-boot-starter-security\3.0.1\spring-boot-starter-security-3.0.1.jar;C:\Users\Its Me\.m2\repository\org\springframework\spring-aop\6.0.3\spring-aop-6.0.3.jar;C:\Users\Its Me\.m2\repository\org\springframework\security\spring-security-config\6.0.1\spring-security-config-6.0.1.jar;C:\Users\Its Me\.m2\repository\org\springframework\security\spring-security-web\6.0.1\spring-security-web-6.0.1.jar;C:\Users\Its Me\.m2\repository\org\springframework\boot\spring-boot-starter-web\3.0.1\spring-boot-starter-web-3.0.1.jar;C:\Users\Its Me\.m2\repository\org\springframework\boot\spring-boot-starter-json\3.0.1\spring-boot-starter-json-3.0.1.jar;C:\Users\Its Me\.m2\repository\com\fasterxml\jackson\datatype\jackson-datatype-jdk8\2.14.1\jackson-datatype-jdk8-2.14.1.jar;C:\Users\Its Me\.m2\repository\com\fasterxml\jackson\datatype\jackson-datatype-jsr310\2.14.1\jackson-datatype-jsr310-2.14.1.jar;C:\Users\Its Me\.m2\repository\com\fasterxml\jackson\module\jackson-module-parameter-names\2.14.1\jackson-module-parameter-names-2.14.1.jar;C:\Users\Its Me\.m2\repository\org\springframework\boot\spring-boot-starter-tomcat\3.0.1\spring-boot-starter-tomcat-3.0.1.jar;C:\Users\Its Me\.m2\repository\org\apache\tomcat\embed\tomcat-embed-core\10.1.4\tomcat-embed-core-10.1.4.jar;C:\Users\Its Me\.m2\repository\org\apache\tomcat\embed\tomcat-embed-websocket\10.1.4\tomcat-embed-websocket-10.1.4.jar;C:\Users\Its Me\.m2\repository\org\springframework\spring-web\6.0.3\spring-web-6.0.3.jar;C:\Users\Its Me\.m2\repository\io\micrometer\micrometer-observation\1.10.2\micrometer-observation-1.10.2.jar;C:\Users\Its Me\.m2\repository\io\micrometer\micrometer-commons\1.10.2\micrometer-commons-1.10.2.jar;C:\Users\Its Me\.m2\repository\org\springframework\spring-webmvc\6.0.3\spring-webmvc-6.0.3.jar;C:\Users\Its Me\.m2\repository\org\projectlombok\lombok\1.18.24\lombok-1.18.24.jar;C:\Users\Its Me\.m2\repository\org\springframework\boot\spring-boot-starter-test\3.0.1\spring-boot-starter-test-3.0.1.jar;C:\Users\Its Me\.m2\repository\org\springframework\boot\spring-boot-test\3.0.1\spring-boot-test-3.0.1.jar;C:\Users\Its Me\.m2\repository\org\springframework\boot\spring-boot-test-autoconfigure\3.0.1\spring-boot-test-autoconfigure-3.0.1.jar;C:\Users\Its Me\.m2\repository\com\jayway\jsonpath\json-path\2.7.0\json-path-2.7.0.jar;C:\Users\Its Me\.m2\repository\net\minidev\json-smart\2.4.8\json-smart-2.4.8.jar;C:\Users\Its Me\.m2\repository\net\minidev\accessors-smart\2.4.8\accessors-smart-2.4.8.jar;C:\Users\Its Me\.m2\repository\org\ow2\asm\asm\9.1\asm-9.1.jar;C:\Users\Its Me\.m2\repository\jakarta\xml\bind\jakarta.xml.bind-api\4.0.0\jakarta.xml.bind-api-4.0.0.jar;C:\Users\Its Me\.m2\repository\jakarta\activation\jakarta.activation-api\2.1.0\jakarta.activation-api-2.1.0.jar;C:\Users\Its Me\.m2\repository\org\assertj\assertj-core\3.23.1\assertj-core-3.23.1.jar;C:\Users\Its Me\.m2\repository\net\bytebuddy\byte-buddy\1.12.20\byte-buddy-1.12.20.jar;C:\Users\Its Me\.m2\repository\org\hamcrest\hamcrest\2.2\hamcrest-2.2.jar;C:\Users\Its Me\.m2\repository\org\junit\jupiter\junit-jupiter\5.9.1\junit-jupiter-5.9.1.jar;C:\Users\Its Me\.m2\repository\org\junit\jupiter\junit-jupiter-api\5.9.1\junit-jupiter-api-5.9.1.jar;C:\Users\Its Me\.m2\repository\org\opentest4j\opentest4j\1.2.0\opentest4j-1.2.0.jar;C:\Users\Its Me\.m2\repository\org\junit\platform\junit-platform-commons\1.9.1\junit-platform-commons-1.9.1.jar;C:\Users\Its Me\.m2\repository\org\apiguardian\apiguardian-api\1.1.2\apiguardian-api-1.1.2.jar;C:\Users\Its Me\.m2\repository\org\junit\jupiter\junit-jupiter-params\5.9.1\junit-jupiter-params-5.9.1.jar;C:\Users\Its Me\.m2\repository\org\junit\jupiter\junit-jupiter-engine\5.9.1\junit-jupiter-engine-5.9.1.jar;C:\Users\Its Me\.m2\repository\org\junit\platform\junit-platform-engine\1.9.1\junit-platform-engine-1.9.1.jar;C:\Users\Its Me\.m2\repository\org\mockito\mockito-core\4.8.1\mockito-core-4.8.1.jar;C:\Users\Its Me\.m2\repository\net\bytebuddy\byte-buddy-agent\1.12.20\byte-buddy-agent-1.12.20.jar;C:\Users\Its Me\.m2\repository\org\objenesis\objenesis\3.2\objenesis-3.2.jar;C:\Users\Its Me\.m2\repository\org\mockito\mockito-junit-jupiter\4.8.1\mockito-junit-jupiter-4.8.1.jar;C:\Users\Its Me\.m2\repository\org\skyscreamer\jsonassert\1.5.1\jsonassert-1.5.1.jar;C:\Users\Its Me\.m2\repository\com\vaadin\external\google\android-json\0.0.20131108.vaadin1\android-json-0.0.20131108.vaadin1.jar;C:\Users\Its Me\.m2\repository\org\springframework\spring-core\6.0.3\spring-core-6.0.3.jar;C:\Users\Its Me\.m2\repository\org\springframework\spring-jcl\6.0.3\spring-jcl-6.0.3.jar;C:\Users\Its Me\.m2\repository\org\springframework\spring-test\6.0.3\spring-test-6.0.3.jar;C:\Users\Its Me\.m2\repository\org\xmlunit\xmlunit-core\2.9.0\xmlunit-core-2.9.0.jar;C:\Users\Its Me\.m2\repository\io\jsonwebtoken\jjwt-api\0.11.5\jjwt-api-0.11.5.jar;C:\Users\Its Me\.m2\repository\io\jsonwebtoken\jjwt-impl\0.11.5\jjwt-impl-0.11.5.jar;C:\Users\Its Me\.m2\repository\io\jsonwebtoken\jjwt-jackson\0.11.5\jjwt-jackson-0.11.5.jar;C:\Users\Its Me\.m2\repository\com\fasterxml\jackson\core\jackson-databind\2.14.1\jackson-databind-2.14.1.jar;C:\Users\Its Me\.m2\repository\com\fasterxml\jackson\core\jackson-annotations\2.14.1\jackson-annotations-2.14.1.jar;C:\Users\Its Me\.m2\repository\com\fasterxml\jackson\core\jackson-core\2.14.1\jackson-core-2.14.1.jar;C:\Users\Its Me\.m2\repository\org\springframework\security\spring-security-test\6.0.1\spring-security-test-6.0.1.jar;C:\Users\Its Me\.m2\repository\org\springframework\security\spring-security-core\6.0.1\spring-security-core-6.0.1.jar;C:\Users\Its Me\.m2\repository\org\springframework\security\spring-security-crypto\6.0.1\spring-security-crypto-6.0.1.jar;C:\Users\Its Me\.m2\repository\org\springdoc\springdoc-openapi-starter-webmvc-ui\2.0.2\springdoc-openapi-starter-webmvc-ui-2.0.2.jar;C:\Users\Its Me\.m2\repository\org\springdoc\springdoc-openapi-starter-webmvc-api\2.0.2\springdoc-openapi-starter-webmvc-api-2.0.2.jar;C:\Users\Its Me\.m2\repository\org\springdoc\springdoc-openapi-starter-common\2.0.2\springdoc-openapi-starter-common-2.0.2.jar;C:\Users\Its Me\.m2\repository\io\swagger\core\v3\swagger-core-jakarta\2.2.7\swagger-core-jakarta-2.2.7.jar;C:\Users\Its Me\.m2\repository\org\apache\commons\commons-lang3\3.12.0\commons-lang3-3.12.0.jar;C:\Users\Its Me\.m2\repository\io\swagger\core\v3\swagger-annotations-jakarta\2.2.7\swagger-annotations-jakarta-2.2.7.jar;C:\Users\Its Me\.m2\repository\io\swagger\core\v3\swagger-models-jakarta\2.2.7\swagger-models-jakarta-2.2.7.jar;C:\Users\Its Me\.m2\repository\com\fasterxml\jackson\dataformat\jackson-dataformat-yaml\2.14.1\jackson-dataformat-yaml-2.14.1.jar;C:\Users\Its Me\.m2\repository\org\webjars\swagger-ui\4.15.5\swagger-ui-4.15.5.jar;C:\Users\Its Me\.m2\repository\org\webjars\webjars-locator-core\0.52\webjars-locator-core-0.52.jar;C:\Users\Its Me\.m2\repository\io\github\classgraph\classgraph\4.8.149\classgraph-4.8.149.jar;C:\Users\Its Me\.m2\repository\junit\junit\4.13.2\junit-4.13.2.jar;C:\Users\Its Me\.m2\repository\org\hamcrest\hamcrest-core\2.2\hamcrest-core-2.2.jar;"/>
    <property name="java.vm.vendor" value="Oracle Corporation"/>
    <property name="sun.arch.data.model" value="64"/>
    <property name="user.variant" value=""/>
    <property name="java.vendor.url" value="https://java.oracle.com/"/>
    <property name="user.timezone" value="Asia/Calcutta"/>
    <property name="os.name" value="Windows 10"/>
    <property name="java.vm.specification.version" value="17"/>
    <property name="sun.java.launcher" value="SUN_STANDARD"/>
    <property name="user.country" value="US"/>
    <property name="sun.boot.library.path" value="C:\Program Files\Java\jdk-17\bin"/>
    <property name="sun.java.command" value="C:\Users\ITSME~1\AppData\Local\Temp\surefire7700057945387926888\surefirebooter1706757030029955143.jar C:\Users\Its Me\AppData\Local\Temp\surefire7700057945387926888 2023-05-27T21-19-36_535-jvmRun1 surefire1377734718041226339tmp surefire_05930995130486594368tmp"/>
    <property name="jdk.debug" value="release"/>
    <property name="surefire.test.class.path" value="e:\Spring Boot Projects\MovieBookingApp\Backend\target\test-classes;e:\Spring Boot Projects\MovieBookingApp\Backend\target\classes;C:\Users\Its Me\.m2\repository\org\springframework\boot\spring-boot-devtools\3.0.1\spring-boot-devtools-3.0.1.jar;C:\Users\Its Me\.m2\repository\org\springframework\boot\spring-boot\3.0.1\spring-boot-3.0.1.jar;C:\Users\Its Me\.m2\repository\org\springframework\spring-context\6.0.3\spring-context-6.0.3.jar;C:\Users\Its Me\.m2\repository\org\springframework\boot\spring-boot-autoconfigure\3.0.1\spring-boot-autoconfigure-3.0.1.jar;C:\Users\Its Me\.m2\repository\org\hibernate\validator\hibernate-validator\8.0.0.Final\hibernate-validator-8.0.0.Final.jar;C:\Users\Its Me\.m2\repository\jakarta\validation\jakarta.validation-api\3.0.2\jakarta.validation-api-3.0.2.jar;C:\Users\Its Me\.m2\repository\org\jboss\logging\jboss-logging\3.5.0.Final\jboss-logging-3.5.0.Final.jar;C:\Users\Its Me\.m2\repository\com\fasterxml\classmate\1.5.1\classmate-1.5.1.jar;C:\Users\Its Me\.m2\repository\org\springframework\boot\spring-boot-starter-validation\3.0.1\spring-boot-starter-validation-3.0.1.jar;C:\Users\Its Me\.m2\repository\org\springframework\boot\spring-boot-starter\3.0.1\spring-boot-starter-3.0.1.jar;C:\Users\Its Me\.m2\repository\org\springframework\boot\spring-boot-starter-logging\3.0.1\spring-boot-starter-logging-3.0.1.jar;C:\Users\Its Me\.m2\repository\ch\qos\logback\logback-classic\1.4.5\logback-classic-1.4.5.jar;C:\Users\Its Me\.m2\repository\ch\qos\logback\logback-core\1.4.5\logback-core-1.4.5.jar;C:\Users\Its Me\.m2\repository\org\apache\logging\log4j\log4j-to-slf4j\2.19.0\log4j-to-slf4j-2.19.0.jar;C:\Users\Its Me\.m2\repository\org\apache\logging\log4j\log4j-api\2.19.0\log4j-api-2.19.0.jar;C:\Users\Its Me\.m2\repository\org\slf4j\jul-to-slf4j\2.0.6\jul-to-slf4j-2.0.6.jar;C:\Users\Its Me\.m2\repository\jakarta\annotation\jakarta.annotation-api\2.1.1\jakarta.annotation-api-2.1.1.jar;C:\Users\Its Me\.m2\repository\org\yaml\snakeyaml\1.33\snakeyaml-1.33.jar;C:\Users\Its Me\.m2\repository\org\apache\tomcat\embed\tomcat-embed-el\10.1.4\tomcat-embed-el-10.1.4.jar;C:\Users\Its Me\.m2\repository\org\springframework\boot\spring-boot-starter-data-mongodb\3.0.1\spring-boot-starter-data-mongodb-3.0.1.jar;C:\Users\Its Me\.m2\repository\org\mongodb\mongodb-driver-sync\4.8.1\mongodb-driver-sync-4.8.1.jar;C:\Users\Its Me\.m2\repository\org\mongodb\bson\4.8.1\bson-4.8.1.jar;C:\Users\Its Me\.m2\repository\org\mongodb\mongodb-driver-core\4.8.1\mongodb-driver-core-4.8.1.jar;C:\Users\Its Me\.m2\repository\org\mongodb\bson-record-codec\4.8.1\bson-record-codec-4.8.1.jar;C:\Users\Its Me\.m2\repository\org\springframework\data\spring-data-mongodb\4.0.0\spring-data-mongodb-4.0.0.jar;C:\Users\Its Me\.m2\repository\org\springframework\spring-tx\6.0.3\spring-tx-6.0.3.jar;C:\Users\Its Me\.m2\repository\org\springframework\spring-beans\6.0.3\spring-beans-6.0.3.jar;C:\Users\Its Me\.m2\repository\org\springframework\spring-expression\6.0.3\spring-expression-6.0.3.jar;C:\Users\Its Me\.m2\repository\org\springframework\data\spring-data-commons\3.0.0\spring-data-commons-3.0.0.jar;C:\Users\Its Me\.m2\repository\org\slf4j\slf4j-api\2.0.6\slf4j-api-2.0.6.jar;C:\Users\Its Me\.m2\repository\org\springframework\boot\spring-boot-starter-security\3.0.1\spring-boot-starter-security-3.0.1.jar;C:\Users\Its Me\.m2\repository\org\springframework\spring-aop\6.0.3\spring-aop-6.0.3.jar;C:\Users\Its Me\.m2\repository\org\springframework\security\spring-security-config\6.0.1\spring-security-config-6.0.1.jar;C:\Users\Its Me\.m2\repository\org\springframework\security\spring-security-web\6.0.1\spring-security-web-6.0.1.jar;C:\Users\Its Me\.m2\repository\org\springframework\boot\spring-boot-starter-web\3.0.1\spring-boot-starter-web-3.0.1.jar;C:\Users\Its Me\.m2\repository\org\springframework\boot\spring-boot-starter-json\3.0.1\spring-boot-starter-json-3.0.1.jar;C:\Users\Its Me\.m2\repository\com\fasterxml\jackson\datatype\jackson-datatype-jdk8\2.14.1\jackson-datatype-jdk8-2.14.1.jar;C:\Users\Its Me\.m2\repository\com\fasterxml\jackson\datatype\jackson-datatype-jsr310\2.14.1\jackson-datatype-jsr310-2.14.1.jar;C:\Users\Its Me\.m2\repository\com\fasterxml\jackson\module\jackson-module-parameter-names\2.14.1\jackson-module-parameter-names-2.14.1.jar;C:\Users\Its Me\.m2\repository\org\springframework\boot\spring-boot-starter-tomcat\3.0.1\spring-boot-starter-tomcat-3.0.1.jar;C:\Users\Its Me\.m2\repository\org\apache\tomcat\embed\tomcat-embed-core\10.1.4\tomcat-embed-core-10.1.4.jar;C:\Users\Its Me\.m2\repository\org\apache\tomcat\embed\tomcat-embed-websocket\10.1.4\tomcat-embed-websocket-10.1.4.jar;C:\Users\Its Me\.m2\repository\org\springframework\spring-web\6.0.3\spring-web-6.0.3.jar;C:\Users\Its Me\.m2\repository\io\micrometer\micrometer-observation\1.10.2\micrometer-observation-1.10.2.jar;C:\Users\Its Me\.m2\repository\io\micrometer\micrometer-commons\1.10.2\micrometer-commons-1.10.2.jar;C:\Users\Its Me\.m2\repository\org\springframework\spring-webmvc\6.0.3\spring-webmvc-6.0.3.jar;C:\Users\Its Me\.m2\repository\org\projectlombok\lombok\1.18.24\lombok-1.18.24.jar;C:\Users\Its Me\.m2\repository\org\springframework\boot\spring-boot-starter-test\3.0.1\spring-boot-starter-test-3.0.1.jar;C:\Users\Its Me\.m2\repository\org\springframework\boot\spring-boot-test\3.0.1\spring-boot-test-3.0.1.jar;C:\Users\Its Me\.m2\repository\org\springframework\boot\spring-boot-test-autoconfigure\3.0.1\spring-boot-test-autoconfigure-3.0.1.jar;C:\Users\Its Me\.m2\repository\com\jayway\jsonpath\json-path\2.7.0\json-path-2.7.0.jar;C:\Users\Its Me\.m2\repository\net\minidev\json-smart\2.4.8\json-smart-2.4.8.jar;C:\Users\Its Me\.m2\repository\net\minidev\accessors-smart\2.4.8\accessors-smart-2.4.8.jar;C:\Users\Its Me\.m2\repository\org\ow2\asm\asm\9.1\asm-9.1.jar;C:\Users\Its Me\.m2\repository\jakarta\xml\bind\jakarta.xml.bind-api\4.0.0\jakarta.xml.bind-api-4.0.0.jar;C:\Users\Its Me\.m2\repository\jakarta\activation\jakarta.activation-api\2.1.0\jakarta.activation-api-2.1.0.jar;C:\Users\Its Me\.m2\repository\org\assertj\assertj-core\3.23.1\assertj-core-3.23.1.jar;C:\Users\Its Me\.m2\repository\net\bytebuddy\byte-buddy\1.12.20\byte-buddy-1.12.20.jar;C:\Users\Its Me\.m2\repository\org\hamcrest\hamcrest\2.2\hamcrest-2.2.jar;C:\Users\Its Me\.m2\repository\org\junit\jupiter\junit-jupiter\5.9.1\junit-jupiter-5.9.1.jar;C:\Users\Its Me\.m2\repository\org\junit\jupiter\junit-jupiter-api\5.9.1\junit-jupiter-api-5.9.1.jar;C:\Users\Its Me\.m2\repository\org\opentest4j\opentest4j\1.2.0\opentest4j-1.2.0.jar;C:\Users\Its Me\.m2\repository\org\junit\platform\junit-platform-commons\1.9.1\junit-platform-commons-1.9.1.jar;C:\Users\Its Me\.m2\repository\org\apiguardian\apiguardian-api\1.1.2\apiguardian-api-1.1.2.jar;C:\Users\Its Me\.m2\repository\org\junit\jupiter\junit-jupiter-params\5.9.1\junit-jupiter-params-5.9.1.jar;C:\Users\Its Me\.m2\repository\org\junit\jupiter\junit-jupiter-engine\5.9.1\junit-jupiter-engine-5.9.1.jar;C:\Users\Its Me\.m2\repository\org\junit\platform\junit-platform-engine\1.9.1\junit-platform-engine-1.9.1.jar;C:\Users\Its Me\.m2\repository\org\mockito\mockito-core\4.8.1\mockito-core-4.8.1.jar;C:\Users\Its Me\.m2\repository\net\bytebuddy\byte-buddy-agent\1.12.20\byte-buddy-agent-1.12.20.jar;C:\Users\Its Me\.m2\repository\org\objenesis\objenesis\3.2\objenesis-3.2.jar;C:\Users\Its Me\.m2\repository\org\mockito\mockito-junit-jupiter\4.8.1\mockito-junit-jupiter-4.8.1.jar;C:\Users\Its Me\.m2\repository\org\skyscreamer\jsonassert\1.5.1\jsonassert-1.5.1.jar;C:\Users\Its Me\.m2\repository\com\vaadin\external\google\android-json\0.0.20131108.vaadin1\android-json-0.0.20131108.vaadin1.jar;C:\Users\Its Me\.m2\repository\org\springframework\spring-core\6.0.3\spring-core-6.0.3.jar;C:\Users\Its Me\.m2\repository\org\springframework\spring-jcl\6.0.3\spring-jcl-6.0.3.jar;C:\Users\Its Me\.m2\repository\org\springframework\spring-test\6.0.3\spring-test-6.0.3.jar;C:\Users\Its Me\.m2\repository\org\xmlunit\xmlunit-core\2.9.0\xmlunit-core-2.9.0.jar;C:\Users\Its Me\.m2\repository\io\jsonwebtoken\jjwt-api\0.11.5\jjwt-api-0.11.5.jar;C:\Users\Its Me\.m2\repository\io\jsonwebtoken\jjwt-impl\0.11.5\jjwt-impl-0.11.5.jar;C:\Users\Its Me\.m2\repository\io\jsonwebtoken\jjwt-jackson\0.11.5\jjwt-jackson-0.11.5.jar;C:\Users\Its Me\.m2\repository\com\fasterxml\jackson\core\jackson-databind\2.14.1\jackson-databind-2.14.1.jar;C:\Users\Its Me\.m2\repository\com\fasterxml\jackson\core\jackson-annotations\2.14.1\jackson-annotations-2.14.1.jar;C:\Users\Its Me\.m2\repository\com\fasterxml\jackson\core\jackson-core\2.14.1\jackson-core-2.14.1.jar;C:\Users\Its Me\.m2\repository\org\springframework\security\spring-security-test\6.0.1\spring-security-test-6.0.1.jar;C:\Users\Its Me\.m2\repository\org\springframework\security\spring-security-core\6.0.1\spring-security-core-6.0.1.jar;C:\Users\Its Me\.m2\repository\org\springframework\security\spring-security-crypto\6.0.1\spring-security-crypto-6.0.1.jar;C:\Users\Its Me\.m2\repository\org\springdoc\springdoc-openapi-starter-webmvc-ui\2.0.2\springdoc-openapi-starter-webmvc-ui-2.0.2.jar;C:\Users\Its Me\.m2\repository\org\springdoc\springdoc-openapi-starter-webmvc-api\2.0.2\springdoc-openapi-starter-webmvc-api-2.0.2.jar;C:\Users\Its Me\.m2\repository\org\springdoc\springdoc-openapi-starter-common\2.0.2\springdoc-openapi-starter-common-2.0.2.jar;C:\Users\Its Me\.m2\repository\io\swagger\core\v3\swagger-core-jakarta\2.2.7\swagger-core-jakarta-2.2.7.jar;C:\Users\Its Me\.m2\repository\org\apache\commons\commons-lang3\3.12.0\commons-lang3-3.12.0.jar;C:\Users\Its Me\.m2\repository\io\swagger\core\v3\swagger-annotations-jakarta\2.2.7\swagger-annotations-jakarta-2.2.7.jar;C:\Users\Its Me\.m2\repository\io\swagger\core\v3\swagger-models-jakarta\2.2.7\swagger-models-jakarta-2.2.7.jar;C:\Users\Its Me\.m2\repository\com\fasterxml\jackson\dataformat\jackson-dataformat-yaml\2.14.1\jackson-dataformat-yaml-2.14.1.jar;C:\Users\Its Me\.m2\repository\org\webjars\swagger-ui\4.15.5\swagger-ui-4.15.5.jar;C:\Users\Its Me\.m2\repository\org\webjars\webjars-locator-core\0.52\webjars-locator-core-0.52.jar;C:\Users\Its Me\.m2\repository\io\github\classgraph\classgraph\4.8.149\classgraph-4.8.149.jar;C:\Users\Its Me\.m2\repository\junit\junit\4.13.2\junit-4.13.2.jar;C:\Users\Its Me\.m2\repository\org\hamcrest\hamcrest-core\2.2\hamcrest-core-2.2.jar;"/>
    <property name="sun.cpu.endian" value="little"/>
    <property name="user.home" value="C:\Users\Its Me"/>
    <property name="user.language" value="en"/>
    <property name="java.specification.vendor" value="Oracle Corporation"/>
    <property name="java.version.date" value="2023-04-18"/>
    <property name="java.home" value="C:\Program Files\Java\jdk-17"/>
    <property name="file.separator" value="\"/>
    <property name="basedir" value="e:\Spring Boot Projects\MovieBookingApp\Backend"/>
    <property name="java.vm.compressedOopsMode" value="32-bit"/>
    <property name="line.separator" value="&#10;"/>
    <property name="java.vm.specification.vendor" value="Oracle Corporation"/>
    <property name="java.specification.name" value="Java Platform API Specification"/>
    <property name="surefire.real.class.path" value="C:\Users\ITSME~1\AppData\Local\Temp\surefire7700057945387926888\surefirebooter1706757030029955143.jar"/>
    <property name="user.script" value=""/>
    <property name="sun.management.compiler" value="HotSpot 64-Bit Tiered Compilers"/>
    <property name="java.runtime.version" value="17.0.7+8-LTS-224"/>
    <property name="user.name" value="Swapnil"/>
    <property name="path.separator" value=";"/>
    <property name="os.version" value="10.0"/>
    <property name="java.runtime.name" value="Java(TM) SE Runtime Environment"/>
    <property name="file.encoding" value="Cp1252"/>
    <property name="java.vm.name" value="Java HotSpot(TM) 64-Bit Server VM"/>
    <property name="localRepository" value="C:\Users\Its Me\.m2\repository"/>
    <property name="java.vendor.url.bug" value="https://bugreport.java.com/bugreport/"/>
    <property name="java.io.tmpdir" value="C:\Users\ITSME~1\AppData\Local\Temp\"/>
    <property name="java.version" value="17.0.7"/>
    <property name="user.dir" value="e:\Spring Boot Projects\MovieBookingApp\Backend"/>
    <property name="os.arch" value="amd64"/>
    <property name="java.vm.specification.name" value="Java Virtual Machine Specification"/>
    <property name="sun.os.patch.level" value=""/>
    <property name="native.encoding" value="Cp1252"/>
    <property name="java.library.path" value="C:\Program Files\Java\jdk-17\bin;C:\WINDOWS\Sun\Java\bin;C:\WINDOWS\system32;C:\WINDOWS;C:\Program Files\Common Files\Oracle\Java\javapath;C:\Users\Its Me\AppData\Local\Programs\Python\Python37\Scripts\;C:\Users\Its Me\AppData\Local\Programs\Python\Python37\;C:\Program Files (x86)\Common Files\Oracle\Java\javapath;F:\app\Swapnil\product\11.2.0\dbhome_1\bin;C:\ProgramData\Oracle\Java\javapath;C:\WINDOWS\system32;C:\WINDOWS;C:\WINDOWS\System32\Wbem;C:\WINDOWS\System32\WindowsPowerShell\v1.0\;C:\WINDOWS\System32\OpenSSH\;C:\Program Files\Java\jdk-17;C:\Users\Its Me\Open_cv\opencv\build\x64\vc15\bin;C:\ProgramData\chocolatey\bin;C:\Program Files\Git\cmd;C:\Program Files\dotnet\;C:\apache-maven-3.8.5\bin;C:\Program Files\Azure Data Studio\bin;C:\Program Files (x86)\Microsoft SQL Server\160\Tools\Binn\;C:\Program Files\Microsoft SQL Server\160\Tools\Binn\;C:\Program Files\Microsoft SQL Server\Client SDK\ODBC\170\Tools\Binn\;C:\Program Files\Microsoft SQL Server\160\DTS\Binn\;C:\Program Files\MySQL\MySQL Server 8.0\bin;C:\Program Files\nodejs\;E:\kafka_2.13-3.4.0\bin;C:\Program Files\Docker\Docker\resources\bin;C:\Program Files\MySQL\MySQL Shell 8.0\bin\;C:\Users\Its Me\AppData\Local\Programs\Python\Python37\Scripts\;C:\Users\Its Me\AppData\Local\Programs\Python\Python37\;C:\Users\Its Me\AppData\Local\Microsoft\WindowsApps;C:\Modeltech_pe_edu_10.4a\win32pe_edu;C:\Program Files\JetBrains\PyCharm 2019.2.1\bin;;C:\Modeltech_5.7f\win32;C:\Users\Its Me\AppData\Local\Programs\Microsoft VS Code\bin;C:\GnuWin32\bin;C:\Dev-Cpp\MinGW64\bin;C:\Dev-Cpp\MinGW64\libexec\gcc\x86_64-w64-mingw32\4.9.2;C:\Dev-Cpp\MinGW64\x86_64-w64-mingw32\bin;C:\Program Files\Java\jdk-17;C:\Program Files\heroku\bin;C:\Program Files\JetBrains\IntelliJ IDEA 2022.1.2\bin;;C:\Program Files\Azure Data Studio\bin;C:\Users\Its Me\AppData\Roaming\npm;;."/>
    <property name="java.vm.info" value="mixed mode, sharing"/>
    <property name="java.vendor" value="Oracle Corporation"/>
    <property name="java.vm.version" value="17.0.7+8-LTS-224"/>
    <property name="sun.io.unicode.encoding" value="UnicodeLittle"/>
    <property name="java.class.version" value="61.0"/>
  </properties>
  <testcase name="testDeleteMovie" classname="com.moviebookingapp.ServiceTests" time="0.75"/>
  <testcase name="testAddUser" classname="com.moviebookingapp.ServiceTests" time="0.763"/>
  <testcase name="testShowMovie" classname="com.moviebookingapp.ServiceTests" time="1.785"/>
  <testcase name="testAddMovie" classname="com.moviebookingapp.ServiceTests" time="0.578"/>
  <testcase name="testBookTicket" classname="com.moviebookingapp.ServiceTests" time="0.546"/>
</testsuite>